.utmp is not a valid directory name. Please make sure there are no unallowed characters in the name.
.utmp is not a valid directory name. Please make sure there are no unallowed characters in the name.
[Licensing::Module] Trying to connect to existing licensing client channel...
[Licensing::IpcConnector] Successfully connected to: "LicenseClient-Nipa" at "2026-07-07T05:55:38.1818435Z"
Built from '6000.4/staging' branch; Version is '6000.4.10f1 (feeafc12a938) revision 16706300'; Using compiler version '194234433'; Build Type 'Release'
OS: 'Windows 11  (10.0.26200) Professional' Language: 'ko' Physical Memory: 65309 MB
BatchMode: 1, IsHumanControllingUs: 0, StartBugReporterOnCrash: 0, Is64bit: 1
System  architecture: x64
Process architecture: x64
Date: 2026-07-07T05:55:38Z

COMMAND LINE ARGUMENTS:
C:\Program Files\Unity\Hub\Editor\6000.4.10f1\Editor\Unity.exe
-batchmode
-quit
-projectPath
D:\Sun\PersonalTestProject
-executeMethod
SUN_SV_MobileARWorldObjectViewSceneConfigurator.ConfigureMobileARWorldObjectViewBatch
-logFile
D:\Sun\PersonalTestProject\.utmp\unity-ar-configurator.log
Successfully changed project path to: D:\Sun\PersonalTestProject
D:/Sun/PersonalTestProject
Exiting without the bug reporter. Application will terminate with return code 1